<?xml version="1.0" encoding="UTF-8"?>
<testsuite xmlns:xsi="http://www.w3.org/2001/XMLSchema-instance" xsi:noNamespaceSchemaLocation="https://maven.apache.org/surefire/maven-surefire-plugin/xsd/surefire-test-report.xsd" name="ut.dev.dts.cql.properties.MyComponentUnitTest" time="0.02" tests="1" errors="0" skipped="0" failures="0">
  <properties>
    <property name="sun.desktop" value="gnome"/>
    <property name="awt.toolkit" value="sun.awt.X11.XToolkit"/>
    <property name="file.encoding.pkg" value="sun.io"/>
    <property name="java.specification.version" value="1.8"/>
    <property name="sun.cpu.isalist" value=""/>
    <property name="sun.jnu.encoding" value="UTF-8"/>
    <property name="java.class.path" value="/home/hardy/src/cql-content-properties/cql-properties/target/test-classes:/home/hardy/src/cql-content-properties/cql-properties/target/classes:/home/hardy/.m2/repository/junit/junit/4.10/junit-4.10.jar:/home/hardy/.m2/repository/org/hamcrest/hamcrest-core/1.1/hamcrest-core-1.1.jar:/home/hardy/.m2/repository/com/atlassian/confluence/confluence/6.14.0/confluence-6.14.0.jar:/home/hardy/.m2/repository/com/atlassian/filestore/dt-filestore-httpclient/1.3.0/dt-filestore-httpclient-1.3.0.jar:/home/hardy/.m2/repository/com/atlassian/filestore/dt-filestore-client-api/1.3.0/dt-filestore-client-api-1.3.0.jar:/home/hardy/.m2/repository/com/atlassian/filestore/dt-filestore-client-core/1.3.0/dt-filestore-client-core-1.3.0.jar:/home/hardy/.m2/repository/org/bitbucket/b_c/jose4j/0.4.2/jose4j-0.4.2.jar:/home/hardy/.m2/repository/com/atlassian/media/dt-media-api-httpclient/2.0.4/dt-media-api-httpclient-2.0.4.jar:/home/hardy/.m2/repository/com/atlassian/media/dt-media-api-client-api/2.0.4/dt-media-api-client-api-2.0.4.jar:/home/hardy/.m2/repository/com/atlassian/media/dt-media-api-client-core/2.0.4/dt-media-api-client-core-2.0.4.jar:/home/hardy/.m2/repository/com/atlassian/security/atlassian-secure-xml/3.2.11/atlassian-secure-xml-3.2.11.jar:/home/hardy/.m2/repository/org/xerial/snappy/snappy-java/1.1.1.7/snappy-java-1.1.1.7.jar:/home/hardy/.m2/repository/com/atlassian/crowd/embedded-crowd-api/2.10.4/embedded-crowd-api-2.10.4.jar:/home/hardy/.m2/repository/com/atlassian/annotations/atlassian-annotations/0.14/atlassian-annotations-0.14.jar:/home/hardy/.m2/repository/com/atlassian/crowd/crowd-events/2.10.4/crowd-events-2.10.4.jar:/home/hardy/.m2/repository/com/atlassian/crowd/crowd-api/2.10.4/crowd-api-2.10.4.jar:/home/hardy/.m2/repository/com/atlassian/crowd/crowd-core/2.10.4/crowd-core-2.10.4.jar:/home/hardy/.m2/repository/com/atlassian/crowd/crowd-ldap/2.10.4/crowd-ldap-2.10.4.jar:/home/hardy/.m2/repository/com/google/code/findbugs/annotations/3.0.0/annotations-3.0.0.jar:/home/hardy/.m2/repository/com/atlassian/crowd/crowd-persistence-file/2.10.4/crowd-persistence-file-2.10.4.jar:/home/hardy/.m2/repository/com/atlassian/security/atlassian-secure-random/3.2.4/atlassian-secure-random-3.2.4.jar:/home/hardy/.m2/repository/com/atlassian/crowd/crowd-core-tiny/2.10.4/crowd-core-tiny-2.10.4.jar:/home/hardy/.m2/repository/org/apache/httpcomponents/httpclient/4.5.1/httpclient-4.5.1.jar:/home/hardy/.m2/repository/org/apache/httpcomponents/httpcore/4.4.3/httpcore-4.4.3.jar:/home/hardy/.m2/repository/org/springframework/spring-beans/3.2.10.RELEASE/spring-beans-3.2.10.RELEASE.jar:/home/hardy/.m2/repository/com/atlassian/crowd/crowd-integration-api/2.10.4/crowd-integration-api-2.10.4.jar:/home/hardy/.m2/repository/com/atlassian/crowd/crowd-integration-seraph/2.10.4/crowd-integration-seraph-2.10.4.jar:/home/hardy/.m2/repository/com/atlassian/crowd/crowd-integration-client-common/2.10.4/crowd-integration-client-common-2.10.4.jar:/home/hardy/.m2/repository/com/atlassian/security/atlassian-cookie-tools/3.2.4/atlassian-cookie-tools-3.2.4.jar:/home/hardy/.m2/repository/com/atlassian/crowd/embedded-crowd-spi/2.10.4/embedded-crowd-spi-2.10.4.jar:/home/hardy/.m2/repository/com/atlassian/crowd/crowd-password-encoders/2.10.4/crowd-password-encoders-2.10.4.jar:/home/hardy/.m2/repository/com/atlassian/security/atlassian-password-encoder/3.2.4/atlassian-password-encoder-3.2.4.jar:/home/hardy/.m2/repository/org/springframework/security/spring-security-core/3.2.5.RELEASE/spring-security-core-3.2.5.RELEASE.jar:/home/hardy/.m2/repository/com/google/code/findbugs/findbugs-annotations/3.0.1/findbugs-annotations-3.0.1.jar:/home/hardy/.m2/repository/com/atlassian/crowd/atlassian-embedded-crowd-atlassian-user/2.3.3/atlassian-embedded-crowd-atlassian-user-2.3.3.jar:/home/hardy/.m2/repository/com/atlassian/crowd/embedded-crowd-core/2.10.4/embedded-crowd-core-2.10.4.jar:/home/hardy/.m2/repository/com/atlassian/crowd/crowd-remote/2.10.4/crowd-remote-2.10.4.jar:/home/hardy/.m2/repository/com/atlassian/crowd/crowd-integration-client-rest/2.10.4/crowd-integration-client-rest-2.10.4.jar:/home/hardy/.m2/repository/org/apache/httpcomponents/httpclient-cache/4.5.1/httpclient-cache-4.5.1.jar:/home/hardy/.m2/repository/com/atlassian/crowd/crowd-query-language/2.10.4/crowd-query-language-2.10.4.jar:/home/hardy/.m2/repository/org/antlr/antlr-runtime/3.5.2/antlr-runtime-3.5.2.jar:/home/hardy/.m2/repository/com/atlassian/crowd/crowd-persistence/2.10.4/crowd-persistence-2.10.4.jar:/home/hardy/.m2/repository/org/springframework/ldap/spring-ldap-core/2.2.1.RELEASE/spring-ldap-core-2.2.1.RELEASE.jar:/home/hardy/.m2/repository/org/springframework/spring-core/4.3.4.RELEASE/spring-core-4.3.4.RELEASE.jar:/home/hardy/.m2/repository/org/springframework/spring-tx/4.3.4.RELEASE/spring-tx-4.3.4.RELEASE.jar:/home/hardy/.m2/repository/com/atlassian/confluence/confluence-upgrade/6.14.0/confluence-upgrade-6.14.0.jar:/home/hardy/.m2/repository/com/atlassian/plugins/atlassian-plugins-api/4.6.2/atlassian-plugins-api-4.6.2.jar:/home/hardy/.m2/repository/com/atlassian/confluence/compat/confluence-compat-lib/1.0.0/confluence-compat-lib-1.0.0.jar:/home/hardy/.m2/repository/com/atlassian/gzipfilter/atlassian-gzipfilter/3.0.0/atlassian-gzipfilter-3.0.0.jar:/home/hardy/.m2/repository/com/atlassian/gzipfilter/atlassian-flushable-gzipoutputstream/1.1/atlassian-flushable-gzipoutputstream-1.1.jar:/home/hardy/.m2/repository/com/atlassian/analytics/analytics-api/5.6.0/analytics-api-5.6.0.jar:/home/hardy/.m2/repository/com/atlassian/applinks/applinks-api/5.4.7/applinks-api-5.4.7.jar:/home/hardy/.m2/repository/com/atlassian/applinks/applinks-spi/5.4.7/applinks-spi-5.4.7.jar:/home/hardy/.m2/repository/com/atlassian/applinks/applinks-host/5.4.7/applinks-host-5.4.7.jar:/home/hardy/.m2/repository/com/atlassian/cluster/monitoring/cluster-monitoring-spi/1.0.3/cluster-monitoring-spi-1.0.3.jar:/home/hardy/.m2/repository/com/atlassian/dragonfly/dragonfly-api/1.1/dragonfly-api-1.1.jar:/home/hardy/.m2/repository/com/atlassian/dragonfly/dragonfly-spi/1.1/dragonfly-spi-1.1.jar:/home/hardy/.m2/repository/com/atlassian/dragonfly/dragonfly-core/1.1/dragonfly-core-1.1.jar:/home/hardy/.m2/repository/com/atlassian/util/concurrent/atlassian-util-concurrent/3.0.0/atlassian-util-concurrent-3.0.0.jar:/home/hardy/.m2/repository/io/atlassian/util/concurrent/atlassian-util-concurrent/4.0.1/atlassian-util-concurrent-4.0.1.jar:/home/hardy/.m2/repository/com/atlassian/modzdetector/modz-detector/0.14/modz-detector-0.14.jar:/home/hardy/.m2/repository/com/atlassian/mail/atlassian-mail/2.5.19/atlassian-mail-2.5.19.jar:/home/hardy/.m2/repository/commons-logging/commons-logging/1.0.4/commons-logging-1.0.4.jar:/home/hardy/.m2/repository/com/atlassian/atlassian-localhost/1.1.0/atlassian-localhost-1.1.0.jar:/home/hardy/.m2/repository/com/atlassian/velocity/atlassian-velocity/1.3/atlassian-velocity-1.3.jar:/home/hardy/.m2/repository/com/atlassian/core/atlassian-core/4.6.22/atlassian-core-4.6.22.jar:/home/hardy/.m2/repository/org/apache/sanselan/sanselan/0.97-incubator/sanselan-0.97-incubator.jar:/home/hardy/.m2/repository/com/atlassian/image/atlassian-image-consumer/1.0.1/atlassian-image-consumer-1.0.1.jar:/home/hardy/.m2/repository/javax/media/jai-core/1.1.3/jai-core-1.1.3.jar:/home/hardy/.m2/repository/com/atlassian/config/atlassian-config/1.0.1/atlassian-config-1.0.1.jar:/home/hardy/.m2/repository/com/atlassian/spring/atlassian-spring/2.0.8/atlassian-spring-2.0.8.jar:/home/hardy/.m2/repository/org/springframework/spring-jdbc/2.0.6/spring-jdbc-2.0.6.jar:/home/hardy/.m2/repository/org/springframework/spring-dao/2.0.6/spring-dao-2.0.6.jar:/home/hardy/.m2/repository/org/springframework/spring-context/2.0.6/spring-context-2.0.6.jar:/home/hardy/.m2/repository/aopalliance/aopalliance/1.0/aopalliance-1.0.jar:/home/hardy/.m2/repository/org/springframework/spring-web/2.0.6/spring-web-2.0.6.jar:/home/hardy/.m2/repository/com/atlassian/spring/atlassian-spring-hibernate2/2.0.8/atlassian-spring-hibernate2-2.0.8.jar:/home/hardy/.m2/repository/org/springframework/spring-hibernate2/2.0.6/spring-hibernate2-2.0.6.jar:/home/hardy/.m2/repository/com/atlassian/event/atlassian-event/3.1.5/atlassian-event-3.1.5.jar:/home/hardy/.m2/repository/com/atlassian/confluence/confluence-bucket/6.14.0/confluence-bucket-6.14.0.jar:/home/hardy/.m2/repository/com/atlassian/hibernate/atlassian-hibernate2-extras/6.2.1/atlassian-hibernate2-extras-6.2.1.jar:/home/hardy/.m2/repository/com/atlassian/xwork/atlassian-xwork-10/1.20/atlassian-xwork-10-1.20.jar:/home/hardy/.m2/repository/com/atlassian/xwork/atlassian-xwork-core/1.20/atlassian-xwork-core-1.20.jar:/home/hardy/.m2/repository/com/atlassian/profiling/atlassian-profiling/2.0/atlassian-profiling-2.0.jar:/home/hardy/.m2/repository/com/atlassian/threadlocal/atlassian-threadlocal/1.4/atlassian-threadlocal-1.4.jar:/home/hardy/.m2/repository/com/atlassian/trackback/atlassian-trackback/0.10/atlassian-trackback-0.10.jar:/home/hardy/.m2/repository/com/atlassian/extras/atlassian-extras-core/3.4.1/atlassian-extras-core-3.4.1.jar:/home/hardy/.m2/repository/com/atlassian/extras/atlassian-extras-api/3.4.1/atlassian-extras-api-3.4.1.jar:/home/hardy/.m2/repository/com/atlassian/extras/atlassian-extras-common/3.4.1/atlassian-extras-common-3.4.1.jar:/home/hardy/.m2/repository/com/atlassian/extras/atlassian-extras-legacy/3.4.1/atlassian-extras-legacy-3.4.1.jar:/home/hardy/.m2/repository/com/atlassian/extras/atlassian-extras-decoder-api/3.4.1/atlassian-extras-decoder-api-3.4.1.jar:/home/hardy/.m2/repository/com/atlassian/extras/atlassian-extras-decoder-v2/3.4.1/atlassian-extras-decoder-v2-3.4.1.jar:/home/hardy/.m2/repository/com/atlassian/ip/atlassian-ip/3.1/atlassian-ip-3.1.jar:/home/hardy/.m2/repository/com/atlassian/johnson/atlassian-johnson-core/3.5.0/atlassian-johnson-core-3.5.0.jar:/home/hardy/.m2/repository/com/atlassian/johnson/atlassian-johnson-plugins/3.5.0/atlassian-johnson-plugins-3.5.0.jar:/home/hardy/.m2/repository/com/atlassian/html/atlassian-html-encoder/1.5/atlassian-html-encoder-1.5.jar:/home/hardy/.m2/repository/com/atlassian/json/atlassian-json-jsonorg/0.11/atlassian-json-jsonorg-0.11.jar:/home/hardy/.m2/repository/com/atlassian/json/atlassian-json-api/0.11/atlassian-json-api-0.11.jar:/home/hardy/.m2/repository/com/atlassian/plugins/atlassian-plugins-core/4.6.2/atlassian-plugins-core-4.6.2.jar:/home/hardy/.m2/repository/com/atlassian/plugins/atlassian-plugins-servlet/4.6.2/atlassian-plugins-servlet-4.6.2.jar:/home/hardy/.m2/repository/com/atlassian/plugins/atlassian-plugins-webresource-common/4.6.2/atlassian-plugins-webresource-common-4.6.2.jar:/home/hardy/.m2/repository/com/atlassian/plugins/atlassian-plugins-webfragment-api/4.0.1/atlassian-plugins-webfragment-api-4.0.1.jar:/home/hardy/.m2/repository/com/atlassian/plugins/atlassian-plugins-webfragment/4.0.1/atlassian-plugins-webfragment-4.0.1.jar:/home/hardy/.m2/repository/com/atlassian/plugins/atlassian-plugins-webresource/3.5.19-ac3d947/atlassian-plugins-webresource-3.5.19-ac3d947.jar:/home/hardy/.m2/repository/com/atlassian/plugins/atlassian-plugins-webresource-spi/3.5.19-ac3d947/atlassian-plugins-webresource-spi-3.5.19-ac3d947.jar:/home/hardy/.m2/repository/com/atlassian/plugins/atlassian-plugins-webresource-api/3.5.19-ac3d947/atlassian-plugins-webresource-api-3.5.19-ac3d947.jar:/home/hardy/.m2/repository/com/atlassian/sourcemap/sourcemap/1.7.5/sourcemap-1.7.5.jar:/home/hardy/.m2/repository/com/atlassian/plugins/atlassian-plugins-osgi/4.6.2/atlassian-plugins-osgi-4.6.2.jar:/home/hardy/.m2/repository/com/atlassian/plugins/atlassian-plugins-osgi-events/4.6.2/atlassian-plugins-osgi-events-4.6.2.jar:/home/hardy/.m2/repository/biz/aQute/bnd/biz.aQute.bndlib/3.5.0/biz.aQute.bndlib-3.5.0.jar:/home/hardy/.m2/repository/org/apache/felix/org.apache.felix.framework/5.6.10/org.apache.felix.framework-5.6.10.jar:/home/hardy/.m2/repository/io/github/lukehutch/fast-classpath-scanner/2.18.1/fast-classpath-scanner-2.18.1.jar:/home/hardy/.m2/repository/org/twdata/pkgscanner/package-scanner/0.9.5/package-scanner-0.9.5.jar:/home/hardy/.m2/repository/com/atlassian/plugins/atlassian-plugins-schema/4.6.2/atlassian-plugins-schema-4.6.2.jar:/home/hardy/.m2/repository/com/atlassian/plugins/atlassian-plugins-spring/4.6.2/atlassian-plugins-spring-4.6.2.jar:/home/hardy/.m2/repository/org/springframework/spring-expression/4.2.4.RELEASE/spring-expression-4.2.4.RELEASE.jar:/home/hardy/.m2/repository/org/springframework/spring-aop/4.2.4.RELEASE/spring-aop-4.2.4.RELEASE.jar:/home/hardy/.m2/repository/org/springframework/spring-context-support/4.2.4.RELEASE/spring-context-support-4.2.4.RELEASE.jar:/home/hardy/.m2/repository/org/springframework/spring-webmvc/4.2.4.RELEASE/spring-webmvc-4.2.4.RELEASE.jar:/home/hardy/.m2/repository/com/atlassian/plugins/atlassian-spring-interceptor-adapter-spi/1.1/atlassian-spring-interceptor-adapter-spi-1.1.jar:/home/hardy/.m2/repository/com/atlassian/bandana/atlassian-bandana/3.1/atlassian-bandana-3.1.jar:/home/hardy/.m2/repository/com/atlassian/user/atlassian-user/3.0/atlassian-user-3.0.jar:/home/hardy/.m2/repository/com/atlassian/renderer/atlassian-renderer-legacy/6.2.19/atlassian-renderer-legacy-6.2.19.jar:/home/hardy/.m2/repository/javax/activation/activation/1.0.2/activation-1.0.2.jar:/home/hardy/.m2/repository/net/sourceforge/nekohtml/nekohtml/1.9.22/nekohtml-1.9.22.jar:/home/hardy/.m2/repository/com/atlassian/bonnie/atlassian-bonnie/7.0.2/atlassian-bonnie-7.0.2.jar:/home/hardy/.m2/repository/com/atlassian/bonnie/lucene-upgrader/1.0/lucene-upgrader-1.0-lucene36.jar:/home/hardy/.m2/repository/org/apache/pdfbox/pdfbox/2.0.6/pdfbox-2.0.6.jar:/home/hardy/.m2/repository/org/apache/pdfbox/fontbox/2.0.6/fontbox-2.0.6.jar:/home/hardy/.m2/repository/com/ibm/icu/icu4j/3.8/icu4j-3.8.jar:/home/hardy/.m2/repository/org/bouncycastle/bcprov-jdk15on/1.60/bcprov-jdk15on-1.60.jar:/home/hardy/.m2/repository/org/bouncycastle/bcmail-jdk15on/1.60/bcmail-jdk15on-1.60.jar:/home/hardy/.m2/repository/org/bouncycastle/bcpkix-jdk15on/1.60/bcpkix-jdk15on-1.60.jar:/home/hardy/.m2/repository/com/atlassian/jdk/utilities/atlassian-jdk-utilities/0.4/atlassian-jdk-utilities-0.4.jar:/home/hardy/.m2/repository/joda-time/joda-time/2.9.9/joda-time-2.9.9.jar:/home/hardy/.m2/repository/com/atlassian/seraph/atlassian-seraph/4.0.0/atlassian-seraph-4.0.0.jar:/home/hardy/.m2/repository/com/atlassian/security/atlassian-secure-utils/3.2.11/atlassian-secure-utils-3.2.11.jar:/home/hardy/.m2/repository/com/atlassian/security/auth/trustedapps/atlassian-trusted-apps-core/4.1.0/atlassian-trusted-apps-core-4.1.0.jar:/home/hardy/.m2/repository/com/atlassian/security/auth/trustedapps/atlassian-trusted-apps-seraph-integration/4.1.0/atlassian-trusted-apps-seraph-integration-4.1.0.jar:/home/hardy/.m2/repository/com/atlassian/plugins/avatar-plugin-api/1.3.5/avatar-plugin-api-1.3.5.jar:/home/hardy/.m2/repository/log4j/log4j/1.2.17/log4j-1.2.17.jar:/home/hardy/.m2/repository/org/slf4j/slf4j-api/1.7.25/slf4j-api-1.7.25.jar:/home/hardy/.m2/repository/org/slf4j/jul-to-slf4j/1.7.25/jul-to-slf4j-1.7.25.jar:/home/hardy/.m2/repository/org/slf4j/jcl-over-slf4j/1.7.25/jcl-over-slf4j-1.7.25.jar:/home/hardy/.m2/repository/commons-lang/commons-lang/2.6/commons-lang-2.6.jar:/home/hardy/.m2/repository/org/apache/commons/commons-lang3/3.8.1/commons-lang3-3.8.1.jar:/home/hardy/.m2/repository/commons-io/commons-io/2.6/commons-io-2.6.jar:/home/hardy/.m2/repository/commons-beanutils/commons-beanutils/1.9.3/commons-beanutils-1.9.3.jar:/home/hardy/.m2/repository/commons-fileupload/commons-fileupload/1.3.3/commons-fileupload-1.3.3.jar:/home/hardy/.m2/repository/commons-collections/commons-collections/3.2.2/commons-collections-3.2.2.jar:/home/hardy/.m2/repository/org/apache/commons/commons-collections4/4.1/commons-collections4-4.1.jar:/home/hardy/.m2/repository/net/sf/supercsv/super-csv/2.1.0/super-csv-2.1.0.jar:/home/hardy/.m2/repository/commons-validator/commons-validator/1.5.1/commons-validator-1.5.1.jar:/home/hardy/.m2/repository/hibernate/hibernate/2.1.8-atlassian-34/hibernate-2.1.8-atlassian-34.jar:/home/hardy/.m2/repository/org/hibernate/hibernate-core/5.2.8.Final/hibernate-core-5.2.8.Final.jar:/home/hardy/.m2/repository/org/jboss/logging/jboss-logging/3.3.0.Final/jboss-logging-3.3.0.Final.jar:/home/hardy/.m2/repository/org/hibernate/javax/persistence/hibernate-jpa-2.1-api/1.0.0.Final/hibernate-jpa-2.1-api-1.0.0.Final.jar:/home/hardy/.m2/repository/org/javassist/javassist/3.20.0-GA/javassist-3.20.0-GA.jar:/home/hardy/.m2/repository/antlr/antlr/2.7.7/antlr-2.7.7.jar:/home/hardy/.m2/repository/org/jboss/jandex/2.0.3.Final/jandex-2.0.3.Final.jar:/home/hardy/.m2/repository/com/fasterxml/classmate/1.3.0/classmate-1.3.0.jar:/home/hardy/.m2/repository/org/hibernate/common/hibernate-commons-annotations/5.0.1.Final/hibernate-commons-annotations-5.0.1.Final.jar:/home/hardy/.m2/repository/org/hibernate/hibernate-c3p0/5.2.8.Final/hibernate-c3p0-5.2.8.Final.jar:/home/hardy/.m2/repository/com/atlassian/hibernate/hibernate.adapter/1.0.3/hibernate.adapter-1.0.3.jar:/home/hardy/.m2/repository/org/hibernate/hibernate-envers/5.2.2.Final/hibernate-envers-5.2.2.Final.jar:/home/hardy/.m2/repository/org/jboss/logging/jboss-logging-annotations/2.0.0.Final/jboss-logging-annotations-2.0.0.Final.jar:/home/hardy/.m2/repository/cglib/cglib/3.2.9/cglib-3.2.9.jar:/home/hardy/.m2/repository/org/ow2/asm/asm/7.0/asm-7.0.jar:/home/hardy/.m2/repository/org/apache/ant/ant/1.10.3/ant-1.10.3.jar:/home/hardy/.m2/repository/org/apache/ant/ant-launcher/1.10.3/ant-launcher-1.10.3.jar:/home/hardy/.m2/repository/dom4j/dom4j/1.6.1/dom4j-1.6.1.jar:/home/hardy/.m2/repository/jaxen/jaxen/1.0-FCS/jaxen-1.0-FCS.jar:/home/hardy/.m2/repository/saxpath/saxpath/1.0-FCS/saxpath-1.0-FCS.jar:/home/hardy/.m2/repository/odmg/odmg/3.0/odmg-3.0.jar:/home/hardy/.m2/repository/com/mchange/c3p0/0.9.5.1/c3p0-0.9.5.1.jar:/home/hardy/.m2/repository/com/mchange/mchange-commons-java/0.2.10/mchange-commons-java-0.2.10.jar:/home/hardy/.m2/repository/javax/transaction/javax.transaction-api/1.2/javax.transaction-api-1.2.jar:/home/hardy/.m2/repository/com/sun/jai_core/1.1.3/jai_core-1.1.3.jar:/home/hardy/.m2/repository/com/sun/jai_codec/1.1.3/jai_codec-1.1.3.jar:/home/hardy/.m2/repository/opensymphony/webwork/2.1.5-atlassian-3/webwork-2.1.5-atlassian-3.jar:/home/hardy/.m2/repository/opensymphony/xwork/1.0.3.6/xwork-1.0.3.6.jar:/home/hardy/.m2/repository/ognl/ognl/2.6.5-atlassian-3/ognl-2.6.5-atlassian-3.jar:/home/hardy/.m2/repository/opensymphony/oscore/2.2.7-atlassian-1/oscore-2.2.7-atlassian-1.jar:/home/hardy/.m2/repository/oscache/oscache/2.2/oscache-2.2.jar:/home/hardy/.m2/repository/osuser/osuser/atl.user/osuser-atl.user.jar:/home/hardy/.m2/repository/opensymphony/propertyset/1.3-21Nov03/propertyset-1.3-21Nov03.jar:/home/hardy/.m2/repository/org/apache/velocity/velocity/1.6.4-atlassian-9/velocity-1.6.4-atlassian-9.jar:/home/hardy/.m2/repository/com/atlassian/soy/soy-template-renderer-api/4.5.0/soy-template-renderer-api-4.5.0.jar:/home/hardy/.m2/repository/com/atlassian/soy/soy-template-renderer-plugin-api/4.5.0/soy-template-renderer-plugin-api-4.5.0.jar:/home/hardy/.m2/repository/commons-pool/commons-pool/1.6/commons-pool-1.6.jar:/home/hardy/.m2/repository/com/sun/activation/javax.activation/1.2.0/javax.activation-1.2.0.jar:/home/hardy/.m2/repository/javax/annotation/javax.annotation-api/1.3.2/javax.annotation-api-1.3.2.jar:/home/hardy/.m2/repository/javax/xml/bind/jaxb-api/2.3.1/jaxb-api-2.3.1.jar:/home/hardy/.m2/repository/javax/activation/javax.activation-api/1.2.0/javax.activation-api-1.2.0.jar:/home/hardy/.m2/repository/org/glassfish/jaxb/jaxb-runtime/2.3.1/jaxb-runtime-2.3.1.jar:/home/hardy/.m2/repository/org/glassfish/jaxb/txw2/2.3.1/txw2-2.3.1.jar:/home/hardy/.m2/repository/com/sun/istack/istack-commons-runtime/3.0.7/istack-commons-runtime-3.0.7.jar:/home/hardy/.m2/repository/org/jvnet/staxex/stax-ex/1.8/stax-ex-1.8.jar:/home/hardy/.m2/repository/com/sun/xml/fastinfoset/FastInfoset/1.2.15/FastInfoset-1.2.15.jar:/home/hardy/.m2/repository/javax/json/javax.json-api/1.1.2/javax.json-api-1.1.2.jar:/home/hardy/.m2/repository/org/glassfish/javax.json/1.1.2/javax.json-1.1.2.jar:/home/hardy/.m2/repository/javax/mail/mail/1.4.5/mail-1.4.5.jar:/home/hardy/.m2/repository/javax/validation/validation-api/1.1.0.Final/validation-api-1.1.0.Final.jar:/home/hardy/.m2/repository/com/atlassian/spring/spring-quartz1/0.0.1/spring-quartz1-0.0.1.jar:/home/hardy/.m2/repository/org/mockito/mockito-core/1.10.8/mockito-core-1.10.8.jar:/home/hardy/.m2/repository/org/objenesis/objenesis/2.1/objenesis-2.1.jar:/home/hardy/.m2/repository/org/hamcrest/hamcrest-library/1.3/hamcrest-library-1.3.jar:/home/hardy/.m2/repository/org/aspectj/aspectjweaver/1.9.1/aspectjweaver-1.9.1.jar:/home/hardy/.m2/repository/opensymphony/sitemesh/2.5-atlassian-6/sitemesh-2.5-atlassian-6.jar:/home/hardy/.m2/repository/velocity-tools/velocity-tools/view-1.1/velocity-tools-view-1.1.jar:/home/hardy/.m2/repository/radeox/radeox/1.0b2-forked-22Apr2004/radeox-1.0b2-forked-22Apr2004.jar:/home/hardy/.m2/repository/org/apache/lucene/lucene-core/4.4.0-atlassian-02/lucene-core-4.4.0-atlassian-02.jar:/home/hardy/.m2/repository/org/apache/lucene/lucene-analyzers-common/4.4.0-atlassian-02/lucene-analyzers-common-4.4.0-atlassian-02.jar:/home/hardy/.m2/repository/org/apache/lucene/lucene-analyzers-kuromoji/4.4.0-atlassian-02/lucene-analyzers-kuromoji-4.4.0-atlassian-02.jar:/home/hardy/.m2/repository/org/apache/lucene/lucene-misc/4.4.0-atlassian-02/lucene-misc-4.4.0-atlassian-02.jar:/home/hardy/.m2/repository/org/apache/lucene/lucene-highlighter/4.4.0-atlassian-02/lucene-highlighter-4.4.0-atlassian-02.jar:/home/hardy/.m2/repository/org/apache/lucene/lucene-memory/4.4.0-atlassian-02/lucene-memory-4.4.0-atlassian-02.jar:/home/hardy/.m2/repository/org/apache/lucene/lucene-queries/4.4.0-atlassian-02/lucene-queries-4.4.0-atlassian-02.jar:/home/hardy/.m2/repository/org/apache/lucene/lucene-queryparser/4.4.0-atlassian-02/lucene-queryparser-4.4.0-atlassian-02.jar:/home/hardy/.m2/repository/org/apache/lucene/lucene-sandbox/4.4.0-atlassian-02/lucene-sandbox-4.4.0-atlassian-02.jar:/home/hardy/.m2/repository/jakarta-regexp/jakarta-regexp/1.4/jakarta-regexp-1.4.jar:/home/hardy/.m2/repository/org/apache/pdfbox/xmpbox/2.0.6/xmpbox-2.0.6.jar:/home/hardy/.m2/repository/commons-digester/commons-digester/1.5/commons-digester-1.5.jar:/home/hardy/.m2/repository/org/hibernate/jtidy/r8-20060801/jtidy-r8-20060801.jar:/home/hardy/.m2/repository/org/quartz-scheduler/quartz/1.8.6/quartz-1.8.6.jar:/home/hardy/.m2/repository/com/atlassian/scheduler/atlassian-scheduler-api/2.0.0/atlassian-scheduler-api-2.0.0.jar:/home/hardy/.m2/repository/com/atlassian/scheduler/atlassian-scheduler-core/2.0.0/atlassian-scheduler-core-2.0.0.jar:/home/hardy/.m2/repository/com/atlassian/scheduler/caesium/atlassian-scheduler-caesium/2.0.0/atlassian-scheduler-caesium-2.0.0.jar:/home/hardy/.m2/repository/org/hsqldb/hsqldb/2.3.0/hsqldb-2.3.0.jar:/home/hardy/.m2/repository/com/h2database/h2/1.4.196/h2-1.4.196.jar:/home/hardy/.m2/repository/com/atlassian/hsqldb/atlassian-hsqdlb-server-integration/1.1.0/atlassian-hsqdlb-server-integration-1.1.0.jar:/home/hardy/.m2/repository/com/atlassian/h2/atlassian-h2-server-integration/1.0.0/atlassian-h2-server-integration-1.0.0.jar:/home/hardy/.m2/repository/org/postgresql/postgresql/42.1.1/postgresql-42.1.1.jar:/home/hardy/.m2/repository/com/microsoft/sqlserver/mssql-jdbc/6.3.0.jre8-preview/mssql-jdbc-6.3.0.jre8-preview.jar:/home/hardy/.m2/repository/net/sourceforge/jtds/jtds/1.3.1/jtds-1.3.1.jar:/home/hardy/.m2/repository/rome/rome/1.0/rome-1.0.jar:/home/hardy/.m2/repository/org/jdom/jdom/1.1.3/jdom-1.1.3.jar:/home/hardy/.m2/repository/commons-jrcs/commons-jrcs/diff-0.1.7/commons-jrcs-diff-0.1.7.jar:/home/hardy/.m2/repository/commons-httpclient/commons-httpclient/3.1-atlassian-2/commons-httpclient-3.1-atlassian-2.jar:/home/hardy/.m2/repository/xerces/xercesImpl/2.11.0-atlassian-01/xercesImpl-2.11.0-atlassian-01.jar:/home/hardy/.m2/repository/xmlrpc/xmlrpc/2.0+xmlrpc61.1+sbfix/xmlrpc-2.0+xmlrpc61.1+sbfix.jar:/home/hardy/.m2/repository/com/atlassian/xmlrpc/xmlrpc-supplementary-character-support/0.2/xmlrpc-supplementary-character-support-0.2.jar:/home/hardy/.m2/repository/commons-discovery/commons-discovery/0.5/commons-discovery-0.5.jar:/home/hardy/.m2/repository/commons-codec/commons-codec/1.11/commons-codec-1.11.jar:/home/hardy/.m2/repository/oro/oro/2.0.8/oro-2.0.8.jar:/home/hardy/.m2/repository/com/thoughtworks/xstream/xstream/1.1.1/xstream-1.1.1.jar:/home/hardy/.m2/repository/xpp3/xpp3_min/1.1.3.4.O/xpp3_min-1.1.3.4.O.jar:/home/hardy/.m2/repository/xalan/xalan/2.7.2/xalan-2.7.2.jar:/home/hardy/.m2/repository/xalan/serializer/2.7.2/serializer-2.7.2.jar:/home/hardy/.m2/repository/org/codehaus/woodstox/wstx-asl/3.2.9-atlassian-1/wstx-asl-3.2.9-atlassian-1.jar:/home/hardy/.m2/repository/io/leopard/thirdparty/jcaptcha-api/2.0.0/jcaptcha-api-2.0.0.jar:/home/hardy/.m2/repository/io/leopard/thirdparty/jcaptcha-core/2.0.0/jcaptcha-core-2.0.0.jar:/home/hardy/.m2/repository/com/jhlabs/filters/2.0.235/filters-2.0.235.jar:/home/hardy/.m2/repository/org/tuckey/urlrewritefilter/4.0.4/urlrewritefilter-4.0.4.jar:/home/hardy/.m2/repository/wsdl4j/wsdl4j/1.6.1/wsdl4j-1.6.1.jar:/home/hardy/.m2/repository/com/google/code/findbugs/jsr305/3.0.1/jsr305-3.0.1.jar:/home/hardy/.m2/repository/net/jcip/jcip-annotations/1.0/jcip-annotations-1.0.jar:/home/hardy/.m2/repository/com/atlassian/vcache/atlassian-vcache-api/1.9.4/atlassian-vcache-api-1.9.4.jar:/home/hardy/.m2/repository/com/atlassian/marshalling/atlassian-marshalling-api/1.0.0/atlassian-marshalling-api-1.0.0.jar:/home/hardy/.m2/repository/io/atlassian/util/vcache/atlassian-util-vcache/1.0.0/atlassian-util-vcache-1.0.0.jar:/home/hardy/.m2/repository/com/atlassian/vcache/atlassian-vcache-internal-legacy/1.9.4/atlassian-vcache-internal-legacy-1.9.4.jar:/home/hardy/.m2/repository/com/atlassian/vcache/atlassian-vcache-internal-core/1.9.4/atlassian-vcache-internal-core-1.9.4.jar:/home/hardy/.m2/repository/com/atlassian/vcache/atlassian-vcache-internal-api/1.9.4/atlassian-vcache-internal-api-1.9.4.jar:/home/hardy/.m2/repository/com/atlassian/marshalling/atlassian-marshalling-gson/3.0.1/atlassian-marshalling-gson-3.0.1.jar:/home/hardy/.m2/repository/com/atlassian/marshalling/atlassian-marshalling-jdk/1.1.0/atlassian-marshalling-jdk-1.1.0.jar:/home/hardy/.m2/repository/com/atlassian/marshalling/atlassian-marshalling-protobuf/1.0.0/atlassian-marshalling-protobuf-1.0.0.jar:/home/hardy/.m2/repository/com/atlassian/cache/atlassian-cache-api/3.0.2/atlassian-cache-api-3.0.2.jar:/home/hardy/.m2/repository/com/atlassian/cache/atlassian-cache-memory/3.0.2/atlassian-cache-memory-3.0.2.jar:/home/hardy/.m2/repository/com/atlassian/cache/atlassian-cache-common-impl/3.0.2/atlassian-cache-common-impl-3.0.2.jar:/home/hardy/.m2/repository/com/atlassian/beehive/beehive-api/0.2.1/beehive-api-0.2.1.jar:/home/hardy/.m2/repository/com/atlassian/sal/sal-spi/3.2.0-abbce37/sal-spi-3.2.0-abbce37.jar:/home/hardy/.m2/repository/com/atlassian/sal/sal-spring/3.2.0-abbce37/sal-spring-3.2.0-abbce37.jar:/home/hardy/.m2/repository/com/atlassian/sal/sal-api/3.2.0-abbce37/sal-api-3.2.0-abbce37.jar:/home/hardy/.m2/repository/com/atlassian/sal/sal-trust-api/3.2.0-abbce37/sal-trust-api-3.2.0-abbce37.jar:/home/hardy/.m2/repository/com/atlassian/confluence/confluence-java-api/6.14.0/confluence-java-api-6.14.0.jar:/home/hardy/.m2/repository/com/atlassian/graphql/atlassian-graphql-annotations/1.1.32/atlassian-graphql-annotations-1.1.32.jar:/home/hardy/.m2/repository/com/atlassian/confluence/confluence-rest-api/6.14.0/confluence-rest-api-6.14.0.jar:/home/hardy/.m2/repository/com/atlassian/confluence/confluence-rest-serialization/6.14.0/confluence-rest-serialization-6.14.0.jar:/home/hardy/.m2/repository/org/codehaus/jackson/jackson-core-asl/1.9.13-atlassian-3/jackson-core-asl-1.9.13-atlassian-3.jar:/home/hardy/.m2/repository/org/codehaus/jackson/jackson-mapper-asl/1.9.13-atlassian-3/jackson-mapper-asl-1.9.13-atlassian-3.jar:/home/hardy/.m2/repository/com/fasterxml/jackson/core/jackson-annotations/2.9.6/jackson-annotations-2.9.6.jar:/home/hardy/.m2/repository/com/fasterxml/jackson/core/jackson-core/2.9.6/jackson-core-2.9.6.jar:/home/hardy/.m2/repository/com/fasterxml/jackson/core/jackson-databind/2.9.6/jackson-databind-2.9.6.jar:/home/hardy/.m2/repository/com/fasterxml/jackson/datatype/jackson-datatype-joda/2.9.6/jackson-datatype-joda-2.9.6.jar:/home/hardy/.m2/repository/com/atlassian/activeobjects/activeobjects-dbex/1.5.2/activeobjects-dbex-1.5.2.jar:/home/hardy/.m2/repository/com/atlassian/activeobjects/activeobjects-spi/1.5.2/activeobjects-spi-1.5.2.jar:/home/hardy/.m2/repository/org/owasp/antisamy/antisamy/1.5.3-atlassian-2/antisamy-1.5.3-atlassian-2.jar:/home/hardy/.m2/repository/org/apache/xmlgraphics/batik-codec/1.9/batik-codec-1.9.jar:/home/hardy/.m2/repository/org/apache/xmlgraphics/batik-awt-util/1.9/batik-awt-util-1.9.jar:/home/hardy/.m2/repository/org/apache/xmlgraphics/batik-bridge/1.9/batik-bridge-1.9.jar:/home/hardy/.m2/repository/org/apache/xmlgraphics/batik-parser/1.9/batik-parser-1.9.jar:/home/hardy/.m2/repository/org/apache/xmlgraphics/batik-script/1.9/batik-script-1.9.jar:/home/hardy/.m2/repository/org/apache/xmlgraphics/batik-svg-dom/1.9/batik-svg-dom-1.9.jar:/home/hardy/.m2/repository/org/apache/xmlgraphics/batik-util/1.9/batik-util-1.9.jar:/home/hardy/.m2/repository/org/apache/xmlgraphics/batik-constants/1.9/batik-constants-1.9.jar:/home/hardy/.m2/repository/org/apache/xmlgraphics/batik-i18n/1.9/batik-i18n-1.9.jar:/home/hardy/.m2/repository/org/apache/xmlgraphics/batik-css/1.9/batik-css-1.9.jar:/home/hardy/.m2/repository/org/apache/xmlgraphics/xmlgraphics-commons/2.2/xmlgraphics-commons-2.2.jar:/home/hardy/.m2/repository/xml-apis/xml-apis-ext/1.3.04/xml-apis-ext-1.3.04.jar:/home/hardy/.m2/repository/org/apache/xmlgraphics/batik-ext/1.9/batik-ext-1.9.jar:/home/hardy/.m2/repository/org/apache/xmlgraphics/batik-transcoder/1.9/batik-transcoder-1.9.jar:/home/hardy/.m2/repository/org/apache/xmlgraphics/batik-anim/1.9/batik-anim-1.9.jar:/home/hardy/.m2/repository/org/apache/xmlgraphics/batik-dom/1.9/batik-dom-1.9.jar:/home/hardy/.m2/repository/org/apache/xmlgraphics/batik-gvt/1.9/batik-gvt-1.9.jar:/home/hardy/.m2/repository/org/apache/xmlgraphics/batik-svggen/1.9/batik-svggen-1.9.jar:/home/hardy/.m2/repository/org/apache/xmlgraphics/batik-xml/1.9/batik-xml-1.9.jar:/home/hardy/.m2/repository/org/outerj/daisy/daisydiff/1.1-atlassian-5/daisydiff-1.1-atlassian-5.jar:/home/hardy/.m2/repository/org/eclipse/core/runtime/20070801/runtime-20070801.jar:/home/hardy/.m2/repository/com/atlassian/velocity/htmlsafe/velocity-htmlsafe/1.5.1/velocity-htmlsafe-1.5.1.jar:/home/hardy/.m2/repository/com/atlassian/botocss/botocss-core/6.3/botocss-core-6.3.jar:/home/hardy/.m2/repository/org/jsoup/jsoup/1.8.3/jsoup-1.8.3.jar:/home/hardy/.m2/repository/net/sf/cssbox/jstyleparser/1.16-atlassian-1/jstyleparser-1.16-atlassian-1.jar:/home/hardy/.m2/repository/com/google/guava/guava/18.0/guava-18.0.jar:/home/hardy/.m2/repository/com/atlassian/fugue/fugue/2.7.0/fugue-2.7.0.jar:/home/hardy/.m2/repository/io/atlassian/fugue/fugue/4.5.0/fugue-4.5.0.jar:/home/hardy/.m2/repository/io/atlassian/fugue/fugue-deprecated/4.5.0/fugue-deprecated-4.5.0.jar:/home/hardy/.m2/repository/io/atlassian/fugue/fugue-guava/4.5.0/fugue-guava-4.5.0.jar:/home/hardy/.m2/repository/io/atlassian/fugue/fugue-optics/4.5.0/fugue-optics-4.5.0.jar:/home/hardy/.m2/repository/io/atlassian/fugue/fugue-retry/4.5.0/fugue-retry-4.5.0.jar:/home/hardy/.m2/repository/com/atlassian/http/atlassian-http/2.0.2/atlassian-http-2.0.2.jar:/home/hardy/.m2/repository/com/atlassian/instrumentation/atlassian-instrumentation-core/2.2.3/atlassian-instrumentation-core-2.2.3.jar:/home/hardy/.m2/repository/com/github/kristofa/brave-web-servlet-filter/3.0.0/brave-web-servlet-filter-3.0.0.jar:/home/hardy/.m2/repository/com/github/kristofa/brave-http/3.0.0/brave-http-3.0.0.jar:/home/hardy/.m2/repository/com/github/kristofa/brave-core/3.0.0/brave-core-3.0.0.jar:/home/hardy/.m2/repository/org/apache/thrift/libthrift/0.9.0/libthrift-0.9.0.jar:/home/hardy/.m2/repository/com/github/kristofa/brave-apache-http-interceptors/3.0.0/brave-apache-http-interceptors-3.0.0.jar:/home/hardy/.m2/repository/io/atlassian/zipkin/atlassian-brave-spancollector-core/1.0.0/atlassian-brave-spancollector-core-1.0.0.jar:/home/hardy/.m2/repository/com/atlassian/tenancy/atlassian-tenancy-api/2.0.0/atlassian-tenancy-api-2.0.0.jar:/home/hardy/.m2/repository/com/atlassian/ozymandias/atlassian-plugin-point-safety/0.15/atlassian-plugin-point-safety-0.15.jar:/home/hardy/.m2/repository/com/github/gquintana/metrics/metrics-sql/3.1.0-atlassian-4/metrics-sql-3.1.0-atlassian-4.jar:/home/hardy/.m2/repository/com/github/dblock/oshi-core/3.2/oshi-core-3.2.jar:/home/hardy/.m2/repository/net/java/dev/jna/jna-platform/4.2.2/jna-platform-4.2.2.jar:/home/hardy/.m2/repository/net/java/dev/jna/jna/4.2.2/jna-4.2.2.jar:/home/hardy/.m2/repository/com/atlassian/confluence/confluence-extractor-api/1.1.2/confluence-extractor-api-1.1.2.jar:/home/hardy/.m2/repository/com/atlassian/plugins/atlassian-whitelist-api-plugin/3.0.2/atlassian-whitelist-api-plugin-3.0.2.jar:/home/hardy/.m2/repository/com/atlassian/diagnostics/atlassian-diagnostics-api/1.1.1/atlassian-diagnostics-api-1.1.1.jar:/home/hardy/.m2/repository/com/atlassian/diagnostics/atlassian-diagnostics-core/1.1.1/atlassian-diagnostics-core-1.1.1.jar:/home/hardy/.m2/repository/com/atlassian/diagnostics/atlassian-diagnostics-platform/1.1.1/atlassian-diagnostics-platform-1.1.1.jar:/home/hardy/.m2/repository/com/atlassian/plugin/atlassian-spring-scanner-annotation/2.1.7/atlassian-spring-scanner-annotation-2.1.7.jar:/home/hardy/.m2/repository/javax/inject/javax.inject/1/javax.inject-1.jar:/home/hardy/.m2/repository/com/atlassian/plugins/atlassian-plugins-osgi-testrunner/2.0.2/atlassian-plugins-osgi-testrunner-2.0.2.jar:/home/hardy/.m2/repository/org/apache/wink/wink-client/1.1.3-incubating/wink-client-1.1.3-incubating.jar:/home/hardy/.m2/repository/org/apache/wink/wink-common/1.1.3-incubating/wink-common-1.1.3-incubating.jar:/home/hardy/.m2/repository/org/apache/geronimo/specs/geronimo-annotation_1.1_spec/1.0/geronimo-annotation_1.1_spec-1.0.jar:/home/hardy/.m2/repository/com/sun/xml/bind/jaxb-impl/2.2.1.1/jaxb-impl-2.2.1.1.jar:/home/hardy/.m2/repository/com/atlassian/upm/upm-api/2.15/upm-api-2.15.jar:/home/hardy/.m2/repository/javax/ws/rs/jsr311-api/1.1.1/jsr311-api-1.1.1.jar:/home/hardy/.m2/repository/com/google/code/gson/gson/2.2.2-atlassian-1/gson-2.2.2-atlassian-1.jar:"/>
    <property name="java.vm.vendor" value="Oracle Corporation"/>
    <property name="sun.arch.data.model" value="64"/>
    <property name="java.vendor.url" value="http://java.oracle.com/"/>
    <property name="user.timezone" value=""/>
    <property name="java.vm.specification.version" value="1.8"/>
    <property name="os.name" value="Linux"/>
    <property name="user.country" value="US"/>
    <property name="sun.java.launcher" value="SUN_STANDARD"/>
    <property name="sun.boot.library.path" value="/usr/lib/jvm/jdk1.8.0_251/jre/lib/amd64"/>
    <property name="sun.java.command" value="/home/hardy/src/cql-content-properties/cql-properties/target/surefire/surefirebooter2983958826820903863.jar /home/hardy/src/cql-content-properties/cql-properties/target/surefire 2023-12-04T00-19-30_098-jvmRun1 surefire1446402125721307684tmp surefire_03868566916089934318tmp"/>
    <property name="surefire.test.class.path" value="/home/hardy/src/cql-content-properties/cql-properties/target/test-classes:/home/hardy/src/cql-content-properties/cql-properties/target/classes:/home/hardy/.m2/repository/junit/junit/4.10/junit-4.10.jar:/home/hardy/.m2/repository/org/hamcrest/hamcrest-core/1.1/hamcrest-core-1.1.jar:/home/hardy/.m2/repository/com/atlassian/confluence/confluence/6.14.0/confluence-6.14.0.jar:/home/hardy/.m2/repository/com/atlassian/filestore/dt-filestore-httpclient/1.3.0/dt-filestore-httpclient-1.3.0.jar:/home/hardy/.m2/repository/com/atlassian/filestore/dt-filestore-client-api/1.3.0/dt-filestore-client-api-1.3.0.jar:/home/hardy/.m2/repository/com/atlassian/filestore/dt-filestore-client-core/1.3.0/dt-filestore-client-core-1.3.0.jar:/home/hardy/.m2/repository/org/bitbucket/b_c/jose4j/0.4.2/jose4j-0.4.2.jar:/home/hardy/.m2/repository/com/atlassian/media/dt-media-api-httpclient/2.0.4/dt-media-api-httpclient-2.0.4.jar:/home/hardy/.m2/repository/com/atlassian/media/dt-media-api-client-api/2.0.4/dt-media-api-client-api-2.0.4.jar:/home/hardy/.m2/repository/com/atlassian/media/dt-media-api-client-core/2.0.4/dt-media-api-client-core-2.0.4.jar:/home/hardy/.m2/repository/com/atlassian/security/atlassian-secure-xml/3.2.11/atlassian-secure-xml-3.2.11.jar:/home/hardy/.m2/repository/org/xerial/snappy/snappy-java/1.1.1.7/snappy-java-1.1.1.7.jar:/home/hardy/.m2/repository/com/atlassian/crowd/embedded-crowd-api/2.10.4/embedded-crowd-api-2.10.4.jar:/home/hardy/.m2/repository/com/atlassian/annotations/atlassian-annotations/0.14/atlassian-annotations-0.14.jar:/home/hardy/.m2/repository/com/atlassian/crowd/crowd-events/2.10.4/crowd-events-2.10.4.jar:/home/hardy/.m2/repository/com/atlassian/crowd/crowd-api/2.10.4/crowd-api-2.10.4.jar:/home/hardy/.m2/repository/com/atlassian/crowd/crowd-core/2.10.4/crowd-core-2.10.4.jar:/home/hardy/.m2/repository/com/atlassian/crowd/crowd-ldap/2.10.4/crowd-ldap-2.10.4.jar:/home/hardy/.m2/repository/com/google/code/findbugs/annotations/3.0.0/annotations-3.0.0.jar:/home/hardy/.m2/repository/com/atlassian/crowd/crowd-persistence-file/2.10.4/crowd-persistence-file-2.10.4.jar:/home/hardy/.m2/repository/com/atlassian/security/atlassian-secure-random/3.2.4/atlassian-secure-random-3.2.4.jar:/home/hardy/.m2/repository/com/atlassian/crowd/crowd-core-tiny/2.10.4/crowd-core-tiny-2.10.4.jar:/home/hardy/.m2/repository/org/apache/httpcomponents/httpclient/4.5.1/httpclient-4.5.1.jar:/home/hardy/.m2/repository/org/apache/httpcomponents/httpcore/4.4.3/httpcore-4.4.3.jar:/home/hardy/.m2/repository/org/springframework/spring-beans/3.2.10.RELEASE/spring-beans-3.2.10.RELEASE.jar:/home/hardy/.m2/repository/com/atlassian/crowd/crowd-integration-api/2.10.4/crowd-integration-api-2.10.4.jar:/home/hardy/.m2/repository/com/atlassian/crowd/crowd-integration-seraph/2.10.4/crowd-integration-seraph-2.10.4.jar:/home/hardy/.m2/repository/com/atlassian/crowd/crowd-integration-client-common/2.10.4/crowd-integration-client-common-2.10.4.jar:/home/hardy/.m2/repository/com/atlassian/security/atlassian-cookie-tools/3.2.4/atlassian-cookie-tools-3.2.4.jar:/home/hardy/.m2/repository/com/atlassian/crowd/embedded-crowd-spi/2.10.4/embedded-crowd-spi-2.10.4.jar:/home/hardy/.m2/repository/com/atlassian/crowd/crowd-password-encoders/2.10.4/crowd-password-encoders-2.10.4.jar:/home/hardy/.m2/repository/com/atlassian/security/atlassian-password-encoder/3.2.4/atlassian-password-encoder-3.2.4.jar:/home/hardy/.m2/repository/org/springframework/security/spring-security-core/3.2.5.RELEASE/spring-security-core-3.2.5.RELEASE.jar:/home/hardy/.m2/repository/com/google/code/findbugs/findbugs-annotations/3.0.1/findbugs-annotations-3.0.1.jar:/home/hardy/.m2/repository/com/atlassian/crowd/atlassian-embedded-crowd-atlassian-user/2.3.3/atlassian-embedded-crowd-atlassian-user-2.3.3.jar:/home/hardy/.m2/repository/com/atlassian/crowd/embedded-crowd-core/2.10.4/embedded-crowd-core-2.10.4.jar:/home/hardy/.m2/repository/com/atlassian/crowd/crowd-remote/2.10.4/crowd-remote-2.10.4.jar:/home/hardy/.m2/repository/com/atlassian/crowd/crowd-integration-client-rest/2.10.4/crowd-integration-client-rest-2.10.4.jar:/home/hardy/.m2/repository/org/apache/httpcomponents/httpclient-cache/4.5.1/httpclient-cache-4.5.1.jar:/home/hardy/.m2/repository/com/atlassian/crowd/crowd-query-language/2.10.4/crowd-query-language-2.10.4.jar:/home/hardy/.m2/repository/org/antlr/antlr-runtime/3.5.2/antlr-runtime-3.5.2.jar:/home/hardy/.m2/repository/com/atlassian/crowd/crowd-persistence/2.10.4/crowd-persistence-2.10.4.jar:/home/hardy/.m2/repository/org/springframework/ldap/spring-ldap-core/2.2.1.RELEASE/spring-ldap-core-2.2.1.RELEASE.jar:/home/hardy/.m2/repository/org/springframework/spring-core/4.3.4.RELEASE/spring-core-4.3.4.RELEASE.jar:/home/hardy/.m2/repository/org/springframework/spring-tx/4.3.4.RELEASE/spring-tx-4.3.4.RELEASE.jar:/home/hardy/.m2/repository/com/atlassian/confluence/confluence-upgrade/6.14.0/confluence-upgrade-6.14.0.jar:/home/hardy/.m2/repository/com/atlassian/plugins/atlassian-plugins-api/4.6.2/atlassian-plugins-api-4.6.2.jar:/home/hardy/.m2/repository/com/atlassian/confluence/compat/confluence-compat-lib/1.0.0/confluence-compat-lib-1.0.0.jar:/home/hardy/.m2/repository/com/atlassian/gzipfilter/atlassian-gzipfilter/3.0.0/atlassian-gzipfilter-3.0.0.jar:/home/hardy/.m2/repository/com/atlassian/gzipfilter/atlassian-flushable-gzipoutputstream/1.1/atlassian-flushable-gzipoutputstream-1.1.jar:/home/hardy/.m2/repository/com/atlassian/analytics/analytics-api/5.6.0/analytics-api-5.6.0.jar:/home/hardy/.m2/repository/com/atlassian/applinks/applinks-api/5.4.7/applinks-api-5.4.7.jar:/home/hardy/.m2/repository/com/atlassian/applinks/applinks-spi/5.4.7/applinks-spi-5.4.7.jar:/home/hardy/.m2/repository/com/atlassian/applinks/applinks-host/5.4.7/applinks-host-5.4.7.jar:/home/hardy/.m2/repository/com/atlassian/cluster/monitoring/cluster-monitoring-spi/1.0.3/cluster-monitoring-spi-1.0.3.jar:/home/hardy/.m2/repository/com/atlassian/dragonfly/dragonfly-api/1.1/dragonfly-api-1.1.jar:/home/hardy/.m2/repository/com/atlassian/dragonfly/dragonfly-spi/1.1/dragonfly-spi-1.1.jar:/home/hardy/.m2/repository/com/atlassian/dragonfly/dragonfly-core/1.1/dragonfly-core-1.1.jar:/home/hardy/.m2/repository/com/atlassian/util/concurrent/atlassian-util-concurrent/3.0.0/atlassian-util-concurrent-3.0.0.jar:/home/hardy/.m2/repository/io/atlassian/util/concurrent/atlassian-util-concurrent/4.0.1/atlassian-util-concurrent-4.0.1.jar:/home/hardy/.m2/repository/com/atlassian/modzdetector/modz-detector/0.14/modz-detector-0.14.jar:/home/hardy/.m2/repository/com/atlassian/mail/atlassian-mail/2.5.19/atlassian-mail-2.5.19.jar:/home/hardy/.m2/repository/commons-logging/commons-logging/1.0.4/commons-logging-1.0.4.jar:/home/hardy/.m2/repository/com/atlassian/atlassian-localhost/1.1.0/atlassian-localhost-1.1.0.jar:/home/hardy/.m2/repository/com/atlassian/velocity/atlassian-velocity/1.3/atlassian-velocity-1.3.jar:/home/hardy/.m2/repository/com/atlassian/core/atlassian-core/4.6.22/atlassian-core-4.6.22.jar:/home/hardy/.m2/repository/org/apache/sanselan/sanselan/0.97-incubator/sanselan-0.97-incubator.jar:/home/hardy/.m2/repository/com/atlassian/image/atlassian-image-consumer/1.0.1/atlassian-image-consumer-1.0.1.jar:/home/hardy/.m2/repository/javax/media/jai-core/1.1.3/jai-core-1.1.3.jar:/home/hardy/.m2/repository/com/atlassian/config/atlassian-config/1.0.1/atlassian-config-1.0.1.jar:/home/hardy/.m2/repository/com/atlassian/spring/atlassian-spring/2.0.8/atlassian-spring-2.0.8.jar:/home/hardy/.m2/repository/org/springframework/spring-jdbc/2.0.6/spring-jdbc-2.0.6.jar:/home/hardy/.m2/repository/org/springframework/spring-dao/2.0.6/spring-dao-2.0.6.jar:/home/hardy/.m2/repository/org/springframework/spring-context/2.0.6/spring-context-2.0.6.jar:/home/hardy/.m2/repository/aopalliance/aopalliance/1.0/aopalliance-1.0.jar:/home/hardy/.m2/repository/org/springframework/spring-web/2.0.6/spring-web-2.0.6.jar:/home/hardy/.m2/repository/com/atlassian/spring/atlassian-spring-hibernate2/2.0.8/atlassian-spring-hibernate2-2.0.8.jar:/home/hardy/.m2/repository/org/springframework/spring-hibernate2/2.0.6/spring-hibernate2-2.0.6.jar:/home/hardy/.m2/repository/com/atlassian/event/atlassian-event/3.1.5/atlassian-event-3.1.5.jar:/home/hardy/.m2/repository/com/atlassian/confluence/confluence-bucket/6.14.0/confluence-bucket-6.14.0.jar:/home/hardy/.m2/repository/com/atlassian/hibernate/atlassian-hibernate2-extras/6.2.1/atlassian-hibernate2-extras-6.2.1.jar:/home/hardy/.m2/repository/com/atlassian/xwork/atlassian-xwork-10/1.20/atlassian-xwork-10-1.20.jar:/home/hardy/.m2/repository/com/atlassian/xwork/atlassian-xwork-core/1.20/atlassian-xwork-core-1.20.jar:/home/hardy/.m2/repository/com/atlassian/profiling/atlassian-profiling/2.0/atlassian-profiling-2.0.jar:/home/hardy/.m2/repository/com/atlassian/threadlocal/atlassian-threadlocal/1.4/atlassian-threadlocal-1.4.jar:/home/hardy/.m2/repository/com/atlassian/trackback/atlassian-trackback/0.10/atlassian-trackback-0.10.jar:/home/hardy/.m2/repository/com/atlassian/extras/atlassian-extras-core/3.4.1/atlassian-extras-core-3.4.1.jar:/home/hardy/.m2/repository/com/atlassian/extras/atlassian-extras-api/3.4.1/atlassian-extras-api-3.4.1.jar:/home/hardy/.m2/repository/com/atlassian/extras/atlassian-extras-common/3.4.1/atlassian-extras-common-3.4.1.jar:/home/hardy/.m2/repository/com/atlassian/extras/atlassian-extras-legacy/3.4.1/atlassian-extras-legacy-3.4.1.jar:/home/hardy/.m2/repository/com/atlassian/extras/atlassian-extras-decoder-api/3.4.1/atlassian-extras-decoder-api-3.4.1.jar:/home/hardy/.m2/repository/com/atlassian/extras/atlassian-extras-decoder-v2/3.4.1/atlassian-extras-decoder-v2-3.4.1.jar:/home/hardy/.m2/repository/com/atlassian/ip/atlassian-ip/3.1/atlassian-ip-3.1.jar:/home/hardy/.m2/repository/com/atlassian/johnson/atlassian-johnson-core/3.5.0/atlassian-johnson-core-3.5.0.jar:/home/hardy/.m2/repository/com/atlassian/johnson/atlassian-johnson-plugins/3.5.0/atlassian-johnson-plugins-3.5.0.jar:/home/hardy/.m2/repository/com/atlassian/html/atlassian-html-encoder/1.5/atlassian-html-encoder-1.5.jar:/home/hardy/.m2/repository/com/atlassian/json/atlassian-json-jsonorg/0.11/atlassian-json-jsonorg-0.11.jar:/home/hardy/.m2/repository/com/atlassian/json/atlassian-json-api/0.11/atlassian-json-api-0.11.jar:/home/hardy/.m2/repository/com/atlassian/plugins/atlassian-plugins-core/4.6.2/atlassian-plugins-core-4.6.2.jar:/home/hardy/.m2/repository/com/atlassian/plugins/atlassian-plugins-servlet/4.6.2/atlassian-plugins-servlet-4.6.2.jar:/home/hardy/.m2/repository/com/atlassian/plugins/atlassian-plugins-webresource-common/4.6.2/atlassian-plugins-webresource-common-4.6.2.jar:/home/hardy/.m2/repository/com/atlassian/plugins/atlassian-plugins-webfragment-api/4.0.1/atlassian-plugins-webfragment-api-4.0.1.jar:/home/hardy/.m2/repository/com/atlassian/plugins/atlassian-plugins-webfragment/4.0.1/atlassian-plugins-webfragment-4.0.1.jar:/home/hardy/.m2/repository/com/atlassian/plugins/atlassian-plugins-webresource/3.5.19-ac3d947/atlassian-plugins-webresource-3.5.19-ac3d947.jar:/home/hardy/.m2/repository/com/atlassian/plugins/atlassian-plugins-webresource-spi/3.5.19-ac3d947/atlassian-plugins-webresource-spi-3.5.19-ac3d947.jar:/home/hardy/.m2/repository/com/atlassian/plugins/atlassian-plugins-webresource-api/3.5.19-ac3d947/atlassian-plugins-webresource-api-3.5.19-ac3d947.jar:/home/hardy/.m2/repository/com/atlassian/sourcemap/sourcemap/1.7.5/sourcemap-1.7.5.jar:/home/hardy/.m2/repository/com/atlassian/plugins/atlassian-plugins-osgi/4.6.2/atlassian-plugins-osgi-4.6.2.jar:/home/hardy/.m2/repository/com/atlassian/plugins/atlassian-plugins-osgi-events/4.6.2/atlassian-plugins-osgi-events-4.6.2.jar:/home/hardy/.m2/repository/biz/aQute/bnd/biz.aQute.bndlib/3.5.0/biz.aQute.bndlib-3.5.0.jar:/home/hardy/.m2/repository/org/apache/felix/org.apache.felix.framework/5.6.10/org.apache.felix.framework-5.6.10.jar:/home/hardy/.m2/repository/io/github/lukehutch/fast-classpath-scanner/2.18.1/fast-classpath-scanner-2.18.1.jar:/home/hardy/.m2/repository/org/twdata/pkgscanner/package-scanner/0.9.5/package-scanner-0.9.5.jar:/home/hardy/.m2/repository/com/atlassian/plugins/atlassian-plugins-schema/4.6.2/atlassian-plugins-schema-4.6.2.jar:/home/hardy/.m2/repository/com/atlassian/plugins/atlassian-plugins-spring/4.6.2/atlassian-plugins-spring-4.6.2.jar:/home/hardy/.m2/repository/org/springframework/spring-expression/4.2.4.RELEASE/spring-expression-4.2.4.RELEASE.jar:/home/hardy/.m2/repository/org/springframework/spring-aop/4.2.4.RELEASE/spring-aop-4.2.4.RELEASE.jar:/home/hardy/.m2/repository/org/springframework/spring-context-support/4.2.4.RELEASE/spring-context-support-4.2.4.RELEASE.jar:/home/hardy/.m2/repository/org/springframework/spring-webmvc/4.2.4.RELEASE/spring-webmvc-4.2.4.RELEASE.jar:/home/hardy/.m2/repository/com/atlassian/plugins/atlassian-spring-interceptor-adapter-spi/1.1/atlassian-spring-interceptor-adapter-spi-1.1.jar:/home/hardy/.m2/repository/com/atlassian/bandana/atlassian-bandana/3.1/atlassian-bandana-3.1.jar:/home/hardy/.m2/repository/com/atlassian/user/atlassian-user/3.0/atlassian-user-3.0.jar:/home/hardy/.m2/repository/com/atlassian/renderer/atlassian-renderer-legacy/6.2.19/atlassian-renderer-legacy-6.2.19.jar:/home/hardy/.m2/repository/javax/activation/activation/1.0.2/activation-1.0.2.jar:/home/hardy/.m2/repository/net/sourceforge/nekohtml/nekohtml/1.9.22/nekohtml-1.9.22.jar:/home/hardy/.m2/repository/com/atlassian/bonnie/atlassian-bonnie/7.0.2/atlassian-bonnie-7.0.2.jar:/home/hardy/.m2/repository/com/atlassian/bonnie/lucene-upgrader/1.0/lucene-upgrader-1.0-lucene36.jar:/home/hardy/.m2/repository/org/apache/pdfbox/pdfbox/2.0.6/pdfbox-2.0.6.jar:/home/hardy/.m2/repository/org/apache/pdfbox/fontbox/2.0.6/fontbox-2.0.6.jar:/home/hardy/.m2/repository/com/ibm/icu/icu4j/3.8/icu4j-3.8.jar:/home/hardy/.m2/repository/org/bouncycastle/bcprov-jdk15on/1.60/bcprov-jdk15on-1.60.jar:/home/hardy/.m2/repository/org/bouncycastle/bcmail-jdk15on/1.60/bcmail-jdk15on-1.60.jar:/home/hardy/.m2/repository/org/bouncycastle/bcpkix-jdk15on/1.60/bcpkix-jdk15on-1.60.jar:/home/hardy/.m2/repository/com/atlassian/jdk/utilities/atlassian-jdk-utilities/0.4/atlassian-jdk-utilities-0.4.jar:/home/hardy/.m2/repository/joda-time/joda-time/2.9.9/joda-time-2.9.9.jar:/home/hardy/.m2/repository/com/atlassian/seraph/atlassian-seraph/4.0.0/atlassian-seraph-4.0.0.jar:/home/hardy/.m2/repository/com/atlassian/security/atlassian-secure-utils/3.2.11/atlassian-secure-utils-3.2.11.jar:/home/hardy/.m2/repository/com/atlassian/security/auth/trustedapps/atlassian-trusted-apps-core/4.1.0/atlassian-trusted-apps-core-4.1.0.jar:/home/hardy/.m2/repository/com/atlassian/security/auth/trustedapps/atlassian-trusted-apps-seraph-integration/4.1.0/atlassian-trusted-apps-seraph-integration-4.1.0.jar:/home/hardy/.m2/repository/com/atlassian/plugins/avatar-plugin-api/1.3.5/avatar-plugin-api-1.3.5.jar:/home/hardy/.m2/repository/log4j/log4j/1.2.17/log4j-1.2.17.jar:/home/hardy/.m2/repository/org/slf4j/slf4j-api/1.7.25/slf4j-api-1.7.25.jar:/home/hardy/.m2/repository/org/slf4j/jul-to-slf4j/1.7.25/jul-to-slf4j-1.7.25.jar:/home/hardy/.m2/repository/org/slf4j/jcl-over-slf4j/1.7.25/jcl-over-slf4j-1.7.25.jar:/home/hardy/.m2/repository/commons-lang/commons-lang/2.6/commons-lang-2.6.jar:/home/hardy/.m2/repository/org/apache/commons/commons-lang3/3.8.1/commons-lang3-3.8.1.jar:/home/hardy/.m2/repository/commons-io/commons-io/2.6/commons-io-2.6.jar:/home/hardy/.m2/repository/commons-beanutils/commons-beanutils/1.9.3/commons-beanutils-1.9.3.jar:/home/hardy/.m2/repository/commons-fileupload/commons-fileupload/1.3.3/commons-fileupload-1.3.3.jar:/home/hardy/.m2/repository/commons-collections/commons-collections/3.2.2/commons-collections-3.2.2.jar:/home/hardy/.m2/repository/org/apache/commons/commons-collections4/4.1/commons-collections4-4.1.jar:/home/hardy/.m2/repository/net/sf/supercsv/super-csv/2.1.0/super-csv-2.1.0.jar:/home/hardy/.m2/repository/commons-validator/commons-validator/1.5.1/commons-validator-1.5.1.jar:/home/hardy/.m2/repository/hibernate/hibernate/2.1.8-atlassian-34/hibernate-2.1.8-atlassian-34.jar:/home/hardy/.m2/repository/org/hibernate/hibernate-core/5.2.8.Final/hibernate-core-5.2.8.Final.jar:/home/hardy/.m2/repository/org/jboss/logging/jboss-logging/3.3.0.Final/jboss-logging-3.3.0.Final.jar:/home/hardy/.m2/repository/org/hibernate/javax/persistence/hibernate-jpa-2.1-api/1.0.0.Final/hibernate-jpa-2.1-api-1.0.0.Final.jar:/home/hardy/.m2/repository/org/javassist/javassist/3.20.0-GA/javassist-3.20.0-GA.jar:/home/hardy/.m2/repository/antlr/antlr/2.7.7/antlr-2.7.7.jar:/home/hardy/.m2/repository/org/jboss/jandex/2.0.3.Final/jandex-2.0.3.Final.jar:/home/hardy/.m2/repository/com/fasterxml/classmate/1.3.0/classmate-1.3.0.jar:/home/hardy/.m2/repository/org/hibernate/common/hibernate-commons-annotations/5.0.1.Final/hibernate-commons-annotations-5.0.1.Final.jar:/home/hardy/.m2/repository/org/hibernate/hibernate-c3p0/5.2.8.Final/hibernate-c3p0-5.2.8.Final.jar:/home/hardy/.m2/repository/com/atlassian/hibernate/hibernate.adapter/1.0.3/hibernate.adapter-1.0.3.jar:/home/hardy/.m2/repository/org/hibernate/hibernate-envers/5.2.2.Final/hibernate-envers-5.2.2.Final.jar:/home/hardy/.m2/repository/org/jboss/logging/jboss-logging-annotations/2.0.0.Final/jboss-logging-annotations-2.0.0.Final.jar:/home/hardy/.m2/repository/cglib/cglib/3.2.9/cglib-3.2.9.jar:/home/hardy/.m2/repository/org/ow2/asm/asm/7.0/asm-7.0.jar:/home/hardy/.m2/repository/org/apache/ant/ant/1.10.3/ant-1.10.3.jar:/home/hardy/.m2/repository/org/apache/ant/ant-launcher/1.10.3/ant-launcher-1.10.3.jar:/home/hardy/.m2/repository/dom4j/dom4j/1.6.1/dom4j-1.6.1.jar:/home/hardy/.m2/repository/jaxen/jaxen/1.0-FCS/jaxen-1.0-FCS.jar:/home/hardy/.m2/repository/saxpath/saxpath/1.0-FCS/saxpath-1.0-FCS.jar:/home/hardy/.m2/repository/odmg/odmg/3.0/odmg-3.0.jar:/home/hardy/.m2/repository/com/mchange/c3p0/0.9.5.1/c3p0-0.9.5.1.jar:/home/hardy/.m2/repository/com/mchange/mchange-commons-java/0.2.10/mchange-commons-java-0.2.10.jar:/home/hardy/.m2/repository/javax/transaction/javax.transaction-api/1.2/javax.transaction-api-1.2.jar:/home/hardy/.m2/repository/com/sun/jai_core/1.1.3/jai_core-1.1.3.jar:/home/hardy/.m2/repository/com/sun/jai_codec/1.1.3/jai_codec-1.1.3.jar:/home/hardy/.m2/repository/opensymphony/webwork/2.1.5-atlassian-3/webwork-2.1.5-atlassian-3.jar:/home/hardy/.m2/repository/opensymphony/xwork/1.0.3.6/xwork-1.0.3.6.jar:/home/hardy/.m2/repository/ognl/ognl/2.6.5-atlassian-3/ognl-2.6.5-atlassian-3.jar:/home/hardy/.m2/repository/opensymphony/oscore/2.2.7-atlassian-1/oscore-2.2.7-atlassian-1.jar:/home/hardy/.m2/repository/oscache/oscache/2.2/oscache-2.2.jar:/home/hardy/.m2/repository/osuser/osuser/atl.user/osuser-atl.user.jar:/home/hardy/.m2/repository/opensymphony/propertyset/1.3-21Nov03/propertyset-1.3-21Nov03.jar:/home/hardy/.m2/repository/org/apache/velocity/velocity/1.6.4-atlassian-9/velocity-1.6.4-atlassian-9.jar:/home/hardy/.m2/repository/com/atlassian/soy/soy-template-renderer-api/4.5.0/soy-template-renderer-api-4.5.0.jar:/home/hardy/.m2/repository/com/atlassian/soy/soy-template-renderer-plugin-api/4.5.0/soy-template-renderer-plugin-api-4.5.0.jar:/home/hardy/.m2/repository/commons-pool/commons-pool/1.6/commons-pool-1.6.jar:/home/hardy/.m2/repository/com/sun/activation/javax.activation/1.2.0/javax.activation-1.2.0.jar:/home/hardy/.m2/repository/javax/annotation/javax.annotation-api/1.3.2/javax.annotation-api-1.3.2.jar:/home/hardy/.m2/repository/javax/xml/bind/jaxb-api/2.3.1/jaxb-api-2.3.1.jar:/home/hardy/.m2/repository/javax/activation/javax.activation-api/1.2.0/javax.activation-api-1.2.0.jar:/home/hardy/.m2/repository/org/glassfish/jaxb/jaxb-runtime/2.3.1/jaxb-runtime-2.3.1.jar:/home/hardy/.m2/repository/org/glassfish/jaxb/txw2/2.3.1/txw2-2.3.1.jar:/home/hardy/.m2/repository/com/sun/istack/istack-commons-runtime/3.0.7/istack-commons-runtime-3.0.7.jar:/home/hardy/.m2/repository/org/jvnet/staxex/stax-ex/1.8/stax-ex-1.8.jar:/home/hardy/.m2/repository/com/sun/xml/fastinfoset/FastInfoset/1.2.15/FastInfoset-1.2.15.jar:/home/hardy/.m2/repository/javax/json/javax.json-api/1.1.2/javax.json-api-1.1.2.jar:/home/hardy/.m2/repository/org/glassfish/javax.json/1.1.2/javax.json-1.1.2.jar:/home/hardy/.m2/repository/javax/mail/mail/1.4.5/mail-1.4.5.jar:/home/hardy/.m2/repository/javax/validation/validation-api/1.1.0.Final/validation-api-1.1.0.Final.jar:/home/hardy/.m2/repository/com/atlassian/spring/spring-quartz1/0.0.1/spring-quartz1-0.0.1.jar:/home/hardy/.m2/repository/org/mockito/mockito-core/1.10.8/mockito-core-1.10.8.jar:/home/hardy/.m2/repository/org/objenesis/objenesis/2.1/objenesis-2.1.jar:/home/hardy/.m2/repository/org/hamcrest/hamcrest-library/1.3/hamcrest-library-1.3.jar:/home/hardy/.m2/repository/org/aspectj/aspectjweaver/1.9.1/aspectjweaver-1.9.1.jar:/home/hardy/.m2/repository/opensymphony/sitemesh/2.5-atlassian-6/sitemesh-2.5-atlassian-6.jar:/home/hardy/.m2/repository/velocity-tools/velocity-tools/view-1.1/velocity-tools-view-1.1.jar:/home/hardy/.m2/repository/radeox/radeox/1.0b2-forked-22Apr2004/radeox-1.0b2-forked-22Apr2004.jar:/home/hardy/.m2/repository/org/apache/lucene/lucene-core/4.4.0-atlassian-02/lucene-core-4.4.0-atlassian-02.jar:/home/hardy/.m2/repository/org/apache/lucene/lucene-analyzers-common/4.4.0-atlassian-02/lucene-analyzers-common-4.4.0-atlassian-02.jar:/home/hardy/.m2/repository/org/apache/lucene/lucene-analyzers-kuromoji/4.4.0-atlassian-02/lucene-analyzers-kuromoji-4.4.0-atlassian-02.jar:/home/hardy/.m2/repository/org/apache/lucene/lucene-misc/4.4.0-atlassian-02/lucene-misc-4.4.0-atlassian-02.jar:/home/hardy/.m2/repository/org/apache/lucene/lucene-highlighter/4.4.0-atlassian-02/lucene-highlighter-4.4.0-atlassian-02.jar:/home/hardy/.m2/repository/org/apache/lucene/lucene-memory/4.4.0-atlassian-02/lucene-memory-4.4.0-atlassian-02.jar:/home/hardy/.m2/repository/org/apache/lucene/lucene-queries/4.4.0-atlassian-02/lucene-queries-4.4.0-atlassian-02.jar:/home/hardy/.m2/repository/org/apache/lucene/lucene-queryparser/4.4.0-atlassian-02/lucene-queryparser-4.4.0-atlassian-02.jar:/home/hardy/.m2/repository/org/apache/lucene/lucene-sandbox/4.4.0-atlassian-02/lucene-sandbox-4.4.0-atlassian-02.jar:/home/hardy/.m2/repository/jakarta-regexp/jakarta-regexp/1.4/jakarta-regexp-1.4.jar:/home/hardy/.m2/repository/org/apache/pdfbox/xmpbox/2.0.6/xmpbox-2.0.6.jar:/home/hardy/.m2/repository/commons-digester/commons-digester/1.5/commons-digester-1.5.jar:/home/hardy/.m2/repository/org/hibernate/jtidy/r8-20060801/jtidy-r8-20060801.jar:/home/hardy/.m2/repository/org/quartz-scheduler/quartz/1.8.6/quartz-1.8.6.jar:/home/hardy/.m2/repository/com/atlassian/scheduler/atlassian-scheduler-api/2.0.0/atlassian-scheduler-api-2.0.0.jar:/home/hardy/.m2/repository/com/atlassian/scheduler/atlassian-scheduler-core/2.0.0/atlassian-scheduler-core-2.0.0.jar:/home/hardy/.m2/repository/com/atlassian/scheduler/caesium/atlassian-scheduler-caesium/2.0.0/atlassian-scheduler-caesium-2.0.0.jar:/home/hardy/.m2/repository/org/hsqldb/hsqldb/2.3.0/hsqldb-2.3.0.jar:/home/hardy/.m2/repository/com/h2database/h2/1.4.196/h2-1.4.196.jar:/home/hardy/.m2/repository/com/atlassian/hsqldb/atlassian-hsqdlb-server-integration/1.1.0/atlassian-hsqdlb-server-integration-1.1.0.jar:/home/hardy/.m2/repository/com/atlassian/h2/atlassian-h2-server-integration/1.0.0/atlassian-h2-server-integration-1.0.0.jar:/home/hardy/.m2/repository/org/postgresql/postgresql/42.1.1/postgresql-42.1.1.jar:/home/hardy/.m2/repository/com/microsoft/sqlserver/mssql-jdbc/6.3.0.jre8-preview/mssql-jdbc-6.3.0.jre8-preview.jar:/home/hardy/.m2/repository/net/sourceforge/jtds/jtds/1.3.1/jtds-1.3.1.jar:/home/hardy/.m2/repository/rome/rome/1.0/rome-1.0.jar:/home/hardy/.m2/repository/org/jdom/jdom/1.1.3/jdom-1.1.3.jar:/home/hardy/.m2/repository/commons-jrcs/commons-jrcs/diff-0.1.7/commons-jrcs-diff-0.1.7.jar:/home/hardy/.m2/repository/commons-httpclient/commons-httpclient/3.1-atlassian-2/commons-httpclient-3.1-atlassian-2.jar:/home/hardy/.m2/repository/xerces/xercesImpl/2.11.0-atlassian-01/xercesImpl-2.11.0-atlassian-01.jar:/home/hardy/.m2/repository/xmlrpc/xmlrpc/2.0+xmlrpc61.1+sbfix/xmlrpc-2.0+xmlrpc61.1+sbfix.jar:/home/hardy/.m2/repository/com/atlassian/xmlrpc/xmlrpc-supplementary-character-support/0.2/xmlrpc-supplementary-character-support-0.2.jar:/home/hardy/.m2/repository/commons-discovery/commons-discovery/0.5/commons-discovery-0.5.jar:/home/hardy/.m2/repository/commons-codec/commons-codec/1.11/commons-codec-1.11.jar:/home/hardy/.m2/repository/oro/oro/2.0.8/oro-2.0.8.jar:/home/hardy/.m2/repository/com/thoughtworks/xstream/xstream/1.1.1/xstream-1.1.1.jar:/home/hardy/.m2/repository/xpp3/xpp3_min/1.1.3.4.O/xpp3_min-1.1.3.4.O.jar:/home/hardy/.m2/repository/xalan/xalan/2.7.2/xalan-2.7.2.jar:/home/hardy/.m2/repository/xalan/serializer/2.7.2/serializer-2.7.2.jar:/home/hardy/.m2/repository/org/codehaus/woodstox/wstx-asl/3.2.9-atlassian-1/wstx-asl-3.2.9-atlassian-1.jar:/home/hardy/.m2/repository/io/leopard/thirdparty/jcaptcha-api/2.0.0/jcaptcha-api-2.0.0.jar:/home/hardy/.m2/repository/io/leopard/thirdparty/jcaptcha-core/2.0.0/jcaptcha-core-2.0.0.jar:/home/hardy/.m2/repository/com/jhlabs/filters/2.0.235/filters-2.0.235.jar:/home/hardy/.m2/repository/org/tuckey/urlrewritefilter/4.0.4/urlrewritefilter-4.0.4.jar:/home/hardy/.m2/repository/wsdl4j/wsdl4j/1.6.1/wsdl4j-1.6.1.jar:/home/hardy/.m2/repository/com/google/code/findbugs/jsr305/3.0.1/jsr305-3.0.1.jar:/home/hardy/.m2/repository/net/jcip/jcip-annotations/1.0/jcip-annotations-1.0.jar:/home/hardy/.m2/repository/com/atlassian/vcache/atlassian-vcache-api/1.9.4/atlassian-vcache-api-1.9.4.jar:/home/hardy/.m2/repository/com/atlassian/marshalling/atlassian-marshalling-api/1.0.0/atlassian-marshalling-api-1.0.0.jar:/home/hardy/.m2/repository/io/atlassian/util/vcache/atlassian-util-vcache/1.0.0/atlassian-util-vcache-1.0.0.jar:/home/hardy/.m2/repository/com/atlassian/vcache/atlassian-vcache-internal-legacy/1.9.4/atlassian-vcache-internal-legacy-1.9.4.jar:/home/hardy/.m2/repository/com/atlassian/vcache/atlassian-vcache-internal-core/1.9.4/atlassian-vcache-internal-core-1.9.4.jar:/home/hardy/.m2/repository/com/atlassian/vcache/atlassian-vcache-internal-api/1.9.4/atlassian-vcache-internal-api-1.9.4.jar:/home/hardy/.m2/repository/com/atlassian/marshalling/atlassian-marshalling-gson/3.0.1/atlassian-marshalling-gson-3.0.1.jar:/home/hardy/.m2/repository/com/atlassian/marshalling/atlassian-marshalling-jdk/1.1.0/atlassian-marshalling-jdk-1.1.0.jar:/home/hardy/.m2/repository/com/atlassian/marshalling/atlassian-marshalling-protobuf/1.0.0/atlassian-marshalling-protobuf-1.0.0.jar:/home/hardy/.m2/repository/com/atlassian/cache/atlassian-cache-api/3.0.2/atlassian-cache-api-3.0.2.jar:/home/hardy/.m2/repository/com/atlassian/cache/atlassian-cache-memory/3.0.2/atlassian-cache-memory-3.0.2.jar:/home/hardy/.m2/repository/com/atlassian/cache/atlassian-cache-common-impl/3.0.2/atlassian-cache-common-impl-3.0.2.jar:/home/hardy/.m2/repository/com/atlassian/beehive/beehive-api/0.2.1/beehive-api-0.2.1.jar:/home/hardy/.m2/repository/com/atlassian/sal/sal-spi/3.2.0-abbce37/sal-spi-3.2.0-abbce37.jar:/home/hardy/.m2/repository/com/atlassian/sal/sal-spring/3.2.0-abbce37/sal-spring-3.2.0-abbce37.jar:/home/hardy/.m2/repository/com/atlassian/sal/sal-api/3.2.0-abbce37/sal-api-3.2.0-abbce37.jar:/home/hardy/.m2/repository/com/atlassian/sal/sal-trust-api/3.2.0-abbce37/sal-trust-api-3.2.0-abbce37.jar:/home/hardy/.m2/repository/com/atlassian/confluence/confluence-java-api/6.14.0/confluence-java-api-6.14.0.jar:/home/hardy/.m2/repository/com/atlassian/graphql/atlassian-graphql-annotations/1.1.32/atlassian-graphql-annotations-1.1.32.jar:/home/hardy/.m2/repository/com/atlassian/confluence/confluence-rest-api/6.14.0/confluence-rest-api-6.14.0.jar:/home/hardy/.m2/repository/com/atlassian/confluence/confluence-rest-serialization/6.14.0/confluence-rest-serialization-6.14.0.jar:/home/hardy/.m2/repository/org/codehaus/jackson/jackson-core-asl/1.9.13-atlassian-3/jackson-core-asl-1.9.13-atlassian-3.jar:/home/hardy/.m2/repository/org/codehaus/jackson/jackson-mapper-asl/1.9.13-atlassian-3/jackson-mapper-asl-1.9.13-atlassian-3.jar:/home/hardy/.m2/repository/com/fasterxml/jackson/core/jackson-annotations/2.9.6/jackson-annotations-2.9.6.jar:/home/hardy/.m2/repository/com/fasterxml/jackson/core/jackson-core/2.9.6/jackson-core-2.9.6.jar:/home/hardy/.m2/repository/com/fasterxml/jackson/core/jackson-databind/2.9.6/jackson-databind-2.9.6.jar:/home/hardy/.m2/repository/com/fasterxml/jackson/datatype/jackson-datatype-joda/2.9.6/jackson-datatype-joda-2.9.6.jar:/home/hardy/.m2/repository/com/atlassian/activeobjects/activeobjects-dbex/1.5.2/activeobjects-dbex-1.5.2.jar:/home/hardy/.m2/repository/com/atlassian/activeobjects/activeobjects-spi/1.5.2/activeobjects-spi-1.5.2.jar:/home/hardy/.m2/repository/org/owasp/antisamy/antisamy/1.5.3-atlassian-2/antisamy-1.5.3-atlassian-2.jar:/home/hardy/.m2/repository/org/apache/xmlgraphics/batik-codec/1.9/batik-codec-1.9.jar:/home/hardy/.m2/repository/org/apache/xmlgraphics/batik-awt-util/1.9/batik-awt-util-1.9.jar:/home/hardy/.m2/repository/org/apache/xmlgraphics/batik-bridge/1.9/batik-bridge-1.9.jar:/home/hardy/.m2/repository/org/apache/xmlgraphics/batik-parser/1.9/batik-parser-1.9.jar:/home/hardy/.m2/repository/org/apache/xmlgraphics/batik-script/1.9/batik-script-1.9.jar:/home/hardy/.m2/repository/org/apache/xmlgraphics/batik-svg-dom/1.9/batik-svg-dom-1.9.jar:/home/hardy/.m2/repository/org/apache/xmlgraphics/batik-util/1.9/batik-util-1.9.jar:/home/hardy/.m2/repository/org/apache/xmlgraphics/batik-constants/1.9/batik-constants-1.9.jar:/home/hardy/.m2/repository/org/apache/xmlgraphics/batik-i18n/1.9/batik-i18n-1.9.jar:/home/hardy/.m2/repository/org/apache/xmlgraphics/batik-css/1.9/batik-css-1.9.jar:/home/hardy/.m2/repository/org/apache/xmlgraphics/xmlgraphics-commons/2.2/xmlgraphics-commons-2.2.jar:/home/hardy/.m2/repository/xml-apis/xml-apis-ext/1.3.04/xml-apis-ext-1.3.04.jar:/home/hardy/.m2/repository/org/apache/xmlgraphics/batik-ext/1.9/batik-ext-1.9.jar:/home/hardy/.m2/repository/org/apache/xmlgraphics/batik-transcoder/1.9/batik-transcoder-1.9.jar:/home/hardy/.m2/repository/org/apache/xmlgraphics/batik-anim/1.9/batik-anim-1.9.jar:/home/hardy/.m2/repository/org/apache/xmlgraphics/batik-dom/1.9/batik-dom-1.9.jar:/home/hardy/.m2/repository/org/apache/xmlgraphics/batik-gvt/1.9/batik-gvt-1.9.jar:/home/hardy/.m2/repository/org/apache/xmlgraphics/batik-svggen/1.9/batik-svggen-1.9.jar:/home/hardy/.m2/repository/org/apache/xmlgraphics/batik-xml/1.9/batik-xml-1.9.jar:/home/hardy/.m2/repository/org/outerj/daisy/daisydiff/1.1-atlassian-5/daisydiff-1.1-atlassian-5.jar:/home/hardy/.m2/repository/org/eclipse/core/runtime/20070801/runtime-20070801.jar:/home/hardy/.m2/repository/com/atlassian/velocity/htmlsafe/velocity-htmlsafe/1.5.1/velocity-htmlsafe-1.5.1.jar:/home/hardy/.m2/repository/com/atlassian/botocss/botocss-core/6.3/botocss-core-6.3.jar:/home/hardy/.m2/repository/org/jsoup/jsoup/1.8.3/jsoup-1.8.3.jar:/home/hardy/.m2/repository/net/sf/cssbox/jstyleparser/1.16-atlassian-1/jstyleparser-1.16-atlassian-1.jar:/home/hardy/.m2/repository/com/google/guava/guava/18.0/guava-18.0.jar:/home/hardy/.m2/repository/com/atlassian/fugue/fugue/2.7.0/fugue-2.7.0.jar:/home/hardy/.m2/repository/io/atlassian/fugue/fugue/4.5.0/fugue-4.5.0.jar:/home/hardy/.m2/repository/io/atlassian/fugue/fugue-deprecated/4.5.0/fugue-deprecated-4.5.0.jar:/home/hardy/.m2/repository/io/atlassian/fugue/fugue-guava/4.5.0/fugue-guava-4.5.0.jar:/home/hardy/.m2/repository/io/atlassian/fugue/fugue-optics/4.5.0/fugue-optics-4.5.0.jar:/home/hardy/.m2/repository/io/atlassian/fugue/fugue-retry/4.5.0/fugue-retry-4.5.0.jar:/home/hardy/.m2/repository/com/atlassian/http/atlassian-http/2.0.2/atlassian-http-2.0.2.jar:/home/hardy/.m2/repository/com/atlassian/instrumentation/atlassian-instrumentation-core/2.2.3/atlassian-instrumentation-core-2.2.3.jar:/home/hardy/.m2/repository/com/github/kristofa/brave-web-servlet-filter/3.0.0/brave-web-servlet-filter-3.0.0.jar:/home/hardy/.m2/repository/com/github/kristofa/brave-http/3.0.0/brave-http-3.0.0.jar:/home/hardy/.m2/repository/com/github/kristofa/brave-core/3.0.0/brave-core-3.0.0.jar:/home/hardy/.m2/repository/org/apache/thrift/libthrift/0.9.0/libthrift-0.9.0.jar:/home/hardy/.m2/repository/com/github/kristofa/brave-apache-http-interceptors/3.0.0/brave-apache-http-interceptors-3.0.0.jar:/home/hardy/.m2/repository/io/atlassian/zipkin/atlassian-brave-spancollector-core/1.0.0/atlassian-brave-spancollector-core-1.0.0.jar:/home/hardy/.m2/repository/com/atlassian/tenancy/atlassian-tenancy-api/2.0.0/atlassian-tenancy-api-2.0.0.jar:/home/hardy/.m2/repository/com/atlassian/ozymandias/atlassian-plugin-point-safety/0.15/atlassian-plugin-point-safety-0.15.jar:/home/hardy/.m2/repository/com/github/gquintana/metrics/metrics-sql/3.1.0-atlassian-4/metrics-sql-3.1.0-atlassian-4.jar:/home/hardy/.m2/repository/com/github/dblock/oshi-core/3.2/oshi-core-3.2.jar:/home/hardy/.m2/repository/net/java/dev/jna/jna-platform/4.2.2/jna-platform-4.2.2.jar:/home/hardy/.m2/repository/net/java/dev/jna/jna/4.2.2/jna-4.2.2.jar:/home/hardy/.m2/repository/com/atlassian/confluence/confluence-extractor-api/1.1.2/confluence-extractor-api-1.1.2.jar:/home/hardy/.m2/repository/com/atlassian/plugins/atlassian-whitelist-api-plugin/3.0.2/atlassian-whitelist-api-plugin-3.0.2.jar:/home/hardy/.m2/repository/com/atlassian/diagnostics/atlassian-diagnostics-api/1.1.1/atlassian-diagnostics-api-1.1.1.jar:/home/hardy/.m2/repository/com/atlassian/diagnostics/atlassian-diagnostics-core/1.1.1/atlassian-diagnostics-core-1.1.1.jar:/home/hardy/.m2/repository/com/atlassian/diagnostics/atlassian-diagnostics-platform/1.1.1/atlassian-diagnostics-platform-1.1.1.jar:/home/hardy/.m2/repository/com/atlassian/plugin/atlassian-spring-scanner-annotation/2.1.7/atlassian-spring-scanner-annotation-2.1.7.jar:/home/hardy/.m2/repository/javax/inject/javax.inject/1/javax.inject-1.jar:/home/hardy/.m2/repository/com/atlassian/plugins/atlassian-plugins-osgi-testrunner/2.0.2/atlassian-plugins-osgi-testrunner-2.0.2.jar:/home/hardy/.m2/repository/org/apache/wink/wink-client/1.1.3-incubating/wink-client-1.1.3-incubating.jar:/home/hardy/.m2/repository/org/apache/wink/wink-common/1.1.3-incubating/wink-common-1.1.3-incubating.jar:/home/hardy/.m2/repository/org/apache/geronimo/specs/geronimo-annotation_1.1_spec/1.0/geronimo-annotation_1.1_spec-1.0.jar:/home/hardy/.m2/repository/com/sun/xml/bind/jaxb-impl/2.2.1.1/jaxb-impl-2.2.1.1.jar:/home/hardy/.m2/repository/com/atlassian/upm/upm-api/2.15/upm-api-2.15.jar:/home/hardy/.m2/repository/javax/ws/rs/jsr311-api/1.1.1/jsr311-api-1.1.1.jar:/home/hardy/.m2/repository/com/google/code/gson/gson/2.2.2-atlassian-1/gson-2.2.2-atlassian-1.jar:"/>
    <property name="sun.cpu.endian" value="little"/>
    <property name="user.home" value="/home/hardy"/>
    <property name="user.language" value="en"/>
    <property name="java.specification.vendor" value="Oracle Corporation"/>
    <property name="java.home" value="/usr/lib/jvm/jdk1.8.0_251/jre"/>
    <property name="basedir" value="/home/hardy/src/cql-content-properties/cql-properties"/>
    <property name="file.separator" value="/"/>
    <property name="line.separator" value="&#10;"/>
    <property name="java.vm.specification.vendor" value="Oracle Corporation"/>
    <property name="java.specification.name" value="Java Platform API Specification"/>
    <property name="java.awt.graphicsenv" value="sun.awt.X11GraphicsEnvironment"/>
    <property name="surefire.real.class.path" value="/home/hardy/src/cql-content-properties/cql-properties/target/surefire/surefirebooter2983958826820903863.jar"/>
    <property name="sun.boot.class.path" value="/usr/lib/jvm/jdk1.8.0_251/jre/lib/resources.jar:/usr/lib/jvm/jdk1.8.0_251/jre/lib/rt.jar:/usr/lib/jvm/jdk1.8.0_251/jre/lib/sunrsasign.jar:/usr/lib/jvm/jdk1.8.0_251/jre/lib/jsse.jar:/usr/lib/jvm/jdk1.8.0_251/jre/lib/jce.jar:/usr/lib/jvm/jdk1.8.0_251/jre/lib/charsets.jar:/usr/lib/jvm/jdk1.8.0_251/jre/lib/jfr.jar:/usr/lib/jvm/jdk1.8.0_251/jre/classes"/>
    <property name="sun.management.compiler" value="HotSpot 64-Bit Tiered Compilers"/>
    <property name="java.runtime.version" value="1.8.0_251-b08"/>
    <property name="user.name" value="hardy"/>
    <property name="path.separator" value=":"/>
    <property name="os.version" value="4.19.0-25-amd64"/>
    <property name="java.endorsed.dirs" value="/usr/lib/jvm/jdk1.8.0_251/jre/lib/endorsed"/>
    <property name="java.runtime.name" value="Java(TM) SE Runtime Environment"/>
    <property name="file.encoding" value="UTF-8"/>
    <property name="java.vm.name" value="Java HotSpot(TM) 64-Bit Server VM"/>
    <property name="localRepository" value="/home/hardy/.m2/repository"/>
    <property name="java.vendor.url.bug" value="http://bugreport.sun.com/bugreport/"/>
    <property name="java.io.tmpdir" value="/tmp"/>
    <property name="java.version" value="1.8.0_251"/>
    <property name="user.dir" value="/home/hardy/src/cql-content-properties/cql-properties"/>
    <property name="os.arch" value="amd64"/>
    <property name="java.vm.specification.name" value="Java Virtual Machine Specification"/>
    <property name="java.awt.printerjob" value="sun.print.PSPrinterJob"/>
    <property name="sun.os.patch.level" value="unknown"/>
    <property name="java.library.path" value="/usr/java/packages/lib/amd64:/usr/lib64:/lib64:/lib:/usr/lib"/>
    <property name="java.vm.info" value="mixed mode"/>
    <property name="java.vendor" value="Oracle Corporation"/>
    <property name="java.vm.version" value="25.251-b08"/>
    <property name="java.ext.dirs" value="/usr/lib/jvm/jdk1.8.0_251/jre/lib/ext:/usr/java/packages/lib/ext"/>
    <property name="sun.io.unicode.encoding" value="UnicodeLittle"/>
    <property name="java.class.version" value="52.0"/>
  </properties>
  <testcase name="testMyName" classname="ut.dev.dts.cql.properties.MyComponentUnitTest" time="0.001"/>
</testsuite>